mode: atomic
github.com/bickyeric/coverage-test/connection/mongo.go:13.28,14.26 1 0
github.com/bickyeric/coverage-test/connection/mongo.go:18.2,18.57 1 0
github.com/bickyeric/coverage-test/connection/mongo.go:14.26,16.3 1 0
github.com/bickyeric/coverage-test/connection/mongo.go:21.34,33.16 4 1
github.com/bickyeric/coverage-test/connection/mongo.go:37.2,37.28 1 1
github.com/bickyeric/coverage-test/connection/mongo.go:47.2,47.16 1 1
github.com/bickyeric/coverage-test/connection/mongo.go:33.16,34.13 1 0
github.com/bickyeric/coverage-test/connection/mongo.go:37.28,38.31 1 1
github.com/bickyeric/coverage-test/connection/mongo.go:44.3,44.13 1 1
github.com/bickyeric/coverage-test/connection/mongo.go:38.31,43.4 3 0
